2025-12-04T10:39:08.495+0800	INFO	monitor/main.go:44	🔄 发现历史记录，继续扫描	{"start": 23933976}
2025-12-04T10:39:08.835+0800	INFO	monitor/main.go:71	开始扫描区间	{"from": 23933976, "to": 23933986}
2025-12-04T10:39:10.210+0800	INFO	core/scanner.go:58	扫描完成	{"start": 23933976, "end": 23933986, "抓取到的交易数": 1037}
2025-12-04T10:39:10.228+0800	INFO	core/scanner.go:79	✅ 已存入 DB	{"Tx": "0x76186d04f203d60a23d2967d8ecd4ff49176d9eda03f4194fee53d5370d5e0d1", "Amount": "25303159"}
2025-12-04T10:39:10.239+0800	INFO	core/scanner.go:79	✅ 已存入 DB	{"Tx": "0x76186d04f203d60a23d2967d8ecd4ff49176d9eda03f4194fee53d5370d5e0d1", "Amount": "49630000"}
2025-12-04T10:39:10.249+0800	INFO	core/scanner.go:79	✅ 已存入 DB	{"Tx": "0x76186d04f203d60a23d2967d8ecd4ff49176d9eda03f4194fee53d5370d5e0d1", "Amount": "3699630000"}
2025-12-04T10:39:10.263+0800	INFO	core/scanner.go:79	✅ 已存入 DB	{"Tx": "0x76186d04f203d60a23d2967d8ecd4ff49176d9eda03f4194fee53d5370d5e0d1", "Amount": "629630000"}
2025-12-04T10:39:10.271+0800	INFO	core/scanner.go:79	✅ 已存入 DB	{"Tx": "0xc788f09046a006bfe3e8d368dfe0b9621850669ad43bcd02d0d8647f88aa5c6d", "Amount": "7996876"}
2025-12-04T10:39:10.281+0800	INFO	core/scanner.go:79	✅ 已存入 DB	{"Tx": "0xc788f09046a006bfe3e8d368dfe0b9621850669ad43bcd02d0d8647f88aa5c6d", "Amount": "395"}
2025-12-04T10:39:10.292+0800	INFO	core/scanner.go:79	✅ 已存入 DB	{"Tx": "0xc788f09046a006bfe3e8d368dfe0b9621850669ad43bcd02d0d8647f88aa5c6d", "Amount": "7996481"}
2025-12-04T10:39:10.308+0800	INFO	core/scanner.go:79	✅ 已存入 DB	{"Tx": "0xc788f09046a006bfe3e8d368dfe0b9621850669ad43bcd02d0d8647f88aa5c6d", "Amount": "7996481"}
2025-12-04T10:39:10.319+0800	INFO	core/scanner.go:79	✅ 已存入 DB	{"Tx": "0x8160931cee7bda3dc43a3a66daef7259e9267c4121ae70626e0a80068239edaa", "Amount": "486164074"}
2025-12-04T10:39:10.332+0800	INFO	core/scanner.go:79	✅ 已存入 DB	{"Tx": "0x8160931cee7bda3dc43a3a66daef7259e9267c4121ae70626e0a80068239edaa", "Amount": "5523950743"}
2025-12-04T10:39:10.338+0800	INFO	core/scanner.go:79	✅ 已存入 DB	{"Tx": "0xc10a95c2d9063078345dc7f2ddb329b135b05bec66bc0c192558e1ac5460a506", "Amount": "95050000"}
2025-12-04T10:39:10.348+0800	INFO	core/scanner.go:79	✅ 已存入 DB	{"Tx": "0xc10a95c2d9063078345dc7f2ddb329b135b05bec66bc0c192558e1ac5460a506", "Amount": "1340100000"}
2025-12-04T10:39:10.354+0800	INFO	core/scanner.go:79	✅ 已存入 DB	{"Tx": "0xc10a95c2d9063078345dc7f2ddb329b135b05bec66bc0c192558e1ac5460a506", "Amount": "2532420000"}
2025-12-04T10:39:10.361+0800	INFO	core/scanner.go:79	✅ 已存入 DB	{"Tx": "0xc10a95c2d9063078345dc7f2ddb329b135b05bec66bc0c192558e1ac5460a506", "Amount": "1957490000"}
2025-12-04T10:39:10.371+0800	INFO	core/scanner.go:79	✅ 已存入 DB	{"Tx": "0xc10a95c2d9063078345dc7f2ddb329b135b05bec66bc0c192558e1ac5460a506", "Amount": "1155450000"}
2025-12-04T10:39:10.378+0800	INFO	core/scanner.go:79	✅ 已存入 DB	{"Tx": "0xc10a95c2d9063078345dc7f2ddb329b135b05bec66bc0c192558e1ac5460a506", "Amount": "2125780000"}
2025-12-04T10:39:10.384+0800	INFO	core/scanner.go:79	✅ 已存入 DB	{"Tx": "0xc10a95c2d9063078345dc7f2ddb329b135b05bec66bc0c192558e1ac5460a506", "Amount": "4068490000"}
2025-12-04T10:39:10.394+0800	INFO	core/scanner.go:79	✅ 已存入 DB	{"Tx": "0xc10a95c2d9063078345dc7f2ddb329b135b05bec66bc0c192558e1ac5460a506", "Amount": "1155480000"}
2025-12-04T10:39:10.402+0800	INFO	core/scanner.go:79	✅ 已存入 DB	{"Tx": "0xc10a95c2d9063078345dc7f2ddb329b135b05bec66bc0c192558e1ac5460a506", "Amount": "497490000"}
2025-12-04T10:39:10.411+0800	INFO	core/scanner.go:79	✅ 已存入 DB	{"Tx": "0xc10a95c2d9063078345dc7f2ddb329b135b05bec66bc0c192558e1ac5460a506", "Amount": "1846580000"}
2025-12-04T10:39:10.419+0800	INFO	core/scanner.go:79	✅ 已存入 DB	{"Tx": "0xc10a95c2d9063078345dc7f2ddb329b135b05bec66bc0c192558e1ac5460a506", "Amount": "2637490000"}
2025-12-04T10:39:10.430+0800	INFO	core/scanner.go:79	✅ 已存入 DB	{"Tx": "0xc10a95c2d9063078345dc7f2ddb329b135b05bec66bc0c192558e1ac5460a506", "Amount": "2093240000"}
2025-12-04T10:39:10.439+0800	INFO	core/scanner.go:79	✅ 已存入 DB	{"Tx": "0xc10a95c2d9063078345dc7f2ddb329b135b05bec66bc0c192558e1ac5460a506", "Amount": "197490000"}
2025-12-04T10:39:10.449+0800	INFO	core/scanner.go:79	✅ 已存入 DB	{"Tx": "0xc10a95c2d9063078345dc7f2ddb329b135b05bec66bc0c192558e1ac5460a506", "Amount": "2497490000"}
2025-12-04T10:39:10.456+0800	INFO	core/scanner.go:79	✅ 已存入 DB	{"Tx": "0xc10a95c2d9063078345dc7f2ddb329b135b05bec66bc0c192558e1ac5460a506", "Amount": "249050000"}
2025-12-04T10:39:10.463+0800	INFO	core/scanner.go:79	✅ 已存入 DB	{"Tx": "0xc10a95c2d9063078345dc7f2ddb329b135b05bec66bc0c192558e1ac5460a506", "Amount": "3985880000"}
2025-12-04T10:39:10.471+0800	INFO	core/scanner.go:79	✅ 已存入 DB	{"Tx": "0xc10a95c2d9063078345dc7f2ddb329b135b05bec66bc0c192558e1ac5460a506", "Amount": "4460990000"}
2025-12-04T10:39:10.478+0800	INFO	core/scanner.go:79	✅ 已存入 DB	{"Tx": "0xc10a95c2d9063078345dc7f2ddb329b135b05bec66bc0c192558e1ac5460a506", "Amount": "1444990000"}
2025-12-04T10:39:10.485+0800	INFO	core/scanner.go:79	✅ 已存入 DB	{"Tx": "0xc10a95c2d9063078345dc7f2ddb329b135b05bec66bc0c192558e1ac5460a506", "Amount": "97490000"}
2025-12-04T10:39:10.494+0800	INFO	core/scanner.go:79	✅ 已存入 DB	{"Tx": "0xc10a95c2d9063078345dc7f2ddb329b135b05bec66bc0c192558e1ac5460a506", "Amount": "1143120000"}
2025-12-04T10:39:10.502+0800	INFO	core/scanner.go:79	✅ 已存入 DB	{"Tx": "0xc10a95c2d9063078345dc7f2ddb329b135b05bec66bc0c192558e1ac5460a506", "Amount": "151800000"}
2025-12-04T10:39:10.513+0800	INFO	core/scanner.go:79	✅ 已存入 DB	{"Tx": "0xc10a95c2d9063078345dc7f2ddb329b135b05bec66bc0c192558e1ac5460a506", "Amount": "3997490000"}
2025-12-04T10:39:10.522+0800	INFO	core/scanner.go:79	✅ 已存入 DB	{"Tx": "0xc10a95c2d9063078345dc7f2ddb329b135b05bec66bc0c192558e1ac5460a506", "Amount": "1444990000"}
2025-12-04T10:39:10.530+0800	INFO	core/scanner.go:79	✅ 已存入 DB	{"Tx": "0xc10a95c2d9063078345dc7f2ddb329b135b05bec66bc0c192558e1ac5460a506", "Amount": "3997670000"}
2025-12-04T10:39:10.539+0800	INFO	core/scanner.go:79	✅ 已存入 DB	{"Tx": "0xc10a95c2d9063078345dc7f2ddb329b135b05bec66bc0c192558e1ac5460a506", "Amount": "2740000"}
2025-12-04T10:39:10.545+0800	INFO	core/scanner.go:79	✅ 已存入 DB	{"Tx": "0xc10a95c2d9063078345dc7f2ddb329b135b05bec66bc0c192558e1ac5460a506", "Amount": "2059490000"}
2025-12-04T10:39:10.553+0800	INFO	core/scanner.go:79	✅ 已存入 DB	{"Tx": "0xc10a95c2d9063078345dc7f2ddb329b135b05bec66bc0c192558e1ac5460a506", "Amount": "623140000"}
2025-12-04T10:39:10.563+0800	INFO	core/scanner.go:79	✅ 已存入 DB	{"Tx": "0xc10a95c2d9063078345dc7f2ddb329b135b05bec66bc0c192558e1ac5460a506", "Amount": "136080000"}
2025-12-04T10:39:10.571+0800	INFO	core/scanner.go:79	✅ 已存入 DB	{"Tx": "0xc10a95c2d9063078345dc7f2ddb329b135b05bec66bc0c192558e1ac5460a506", "Amount": "1734490000"}
2025-12-04T10:39:10.580+0800	INFO	core/scanner.go:79	✅ 已存入 DB	{"Tx": "0xc10a95c2d9063078345dc7f2ddb329b135b05bec66bc0c192558e1ac5460a506", "Amount": "2490000"}
2025-12-04T10:39:10.587+0800	INFO	core/scanner.go:79	✅ 已存入 DB	{"Tx": "0x46c18787e32bbe89ecfadbcb6e3e3c77f1c576a3971e7817b12c2884ff460939", "Amount": "6000000000"}
2025-12-04T10:39:10.597+0800	INFO	core/scanner.go:79	✅ 已存入 DB	{"Tx": "0x83f8503f89c5154682c6c9661831c4e816e863bb08b64446fc60b2afbba40144", "Amount": "593014"}
2025-12-04T10:39:10.607+0800	INFO	core/scanner.go:79	✅ 已存入 DB	{"Tx": "0xf3f7f0bb17255483453fafa25be0b31a2b83d5200ff08d832ff75fc5d3c48008", "Amount": "200000000"}
2025-12-04T10:39:10.615+0800	INFO	core/scanner.go:79	✅ 已存入 DB	{"Tx": "0xa83ec5dfc66547c2895dcdcb5bba4067b28dd5c3f1c4f7850450e40257dbca8f", "Amount": "1155647923"}
2025-12-04T10:39:10.624+0800	INFO	core/scanner.go:79	✅ 已存入 DB	{"Tx": "0xa83ec5dfc66547c2895dcdcb5bba4067b28dd5c3f1c4f7850450e40257dbca8f", "Amount": "10111919"}
2025-12-04T10:39:10.632+0800	INFO	core/scanner.go:79	✅ 已存入 DB	{"Tx": "0xa83ec5dfc66547c2895dcdcb5bba4067b28dd5c3f1c4f7850450e40257dbca8f", "Amount": "1145536004"}
2025-12-04T10:39:10.639+0800	INFO	core/scanner.go:79	✅ 已存入 DB	{"Tx": "0x752295e92e45f9cbfd406f28f6cbceadb43a859020491aa9afc68de14bae34ab", "Amount": "1172680000"}
2025-12-04T10:39:10.648+0800	INFO	core/scanner.go:79	✅ 已存入 DB	{"Tx": "0x752295e92e45f9cbfd406f28f6cbceadb43a859020491aa9afc68de14bae34ab", "Amount": "15399630000"}
2025-12-04T10:39:10.657+0800	INFO	core/scanner.go:79	✅ 已存入 DB	{"Tx": "0x752295e92e45f9cbfd406f28f6cbceadb43a859020491aa9afc68de14bae34ab", "Amount": "49630000"}
2025-12-04T10:39:10.664+0800	INFO	core/scanner.go:79	✅ 已存入 DB	{"Tx": "0xc5524dc52ced56f1d530156bb695b7448fbcc02f486e9be15c8b3693fdb86421", "Amount": "137550000"}
2025-12-04T10:39:10.671+0800	INFO	core/scanner.go:79	✅ 已存入 DB	{"Tx": "0x86586ad23808c3c0485f233e61551f21b34cc4c3d3f0b33656ad55d6fda032ec", "Amount": "70521000"}
2025-12-04T10:39:10.680+0800	INFO	core/scanner.go:79	✅ 已存入 DB	{"Tx": "0x11ef01462cdd596f97c6c8bf9256749a55aed7d6ece322e3063d751d820ecc8f", "Amount": "142568946"}
2025-12-04T10:39:10.689+0800	INFO	core/scanner.go:79	✅ 已存入 DB	{"Tx": "0xfc2ea14d99486cd5bc81d8f8a66950c467c0effcbbc0499f4916a77898db0ff3", "Amount": "255477074"}
2025-12-04T10:39:10.695+0800	INFO	core/scanner.go:79	✅ 已存入 DB	{"Tx": "0xfc2ea14d99486cd5bc81d8f8a66950c467c0effcbbc0499f4916a77898db0ff3", "Amount": "255208843"}
2025-12-04T10:39:10.703+0800	INFO	core/scanner.go:79	✅ 已存入 DB	{"Tx": "0x1ae3438284826ebe66558627994d68140fb65b05cfb4f6cd1442af56cb58db4e", "Amount": "208223305"}
2025-12-04T10:39:10.719+0800	INFO	core/scanner.go:79	✅ 已存入 DB	{"Tx": "0x78835a84856fe727995eab52ca8d8175e66f0d600296aa96e78ff2192dbe283b", "Amount": "6446137221"}
2025-12-04T10:39:10.728+0800	INFO	core/scanner.go:79	✅ 已存入 DB	{"Tx": "0x9a0c4012b7e080e4086d3480517ffaea4e996dfc436168a8e66c0a7c8b6eed99", "Amount": "10982770"}
2025-12-04T10:39:10.736+0800	INFO	core/scanner.go:79	✅ 已存入 DB	{"Tx": "0x9a0c4012b7e080e4086d3480517ffaea4e996dfc436168a8e66c0a7c8b6eed99", "Amount": "10982770"}
2025-12-04T10:39:10.744+0800	INFO	core/scanner.go:79	✅ 已存入 DB	{"Tx": "0x64205a66b6043c736cff8d1714123aedf1b102fe5fd1d053971fa12d9438d46c", "Amount": "10000000"}
2025-12-04T10:39:10.758+0800	INFO	core/scanner.go:79	✅ 已存入 DB	{"Tx": "0x64205a66b6043c736cff8d1714123aedf1b102fe5fd1d053971fa12d9438d46c", "Amount": "10000000"}
2025-12-04T10:39:10.767+0800	INFO	core/scanner.go:79	✅ 已存入 DB	{"Tx": "0x64205a66b6043c736cff8d1714123aedf1b102fe5fd1d053971fa12d9438d46c", "Amount": "2000"}
2025-12-04T10:39:10.774+0800	INFO	core/scanner.go:79	✅ 已存入 DB	{"Tx": "0x64205a66b6043c736cff8d1714123aedf1b102fe5fd1d053971fa12d9438d46c", "Amount": "9998000"}
2025-12-04T10:39:10.787+0800	INFO	core/scanner.go:79	✅ 已存入 DB	{"Tx": "0x4d59cf7094db4aa0de7b2447f7f79f1f4b184d2980b955dc71c059f1e0a469ae", "Amount": "15767000000"}
2025-12-04T10:39:10.797+0800	INFO	core/scanner.go:79	✅ 已存入 DB	{"Tx": "0x4d59cf7094db4aa0de7b2447f7f79f1f4b184d2980b955dc71c059f1e0a469ae", "Amount": "15766612394"}
2025-12-04T10:39:10.806+0800	INFO	core/scanner.go:79	✅ 已存入 DB	{"Tx": "0x5482a1a8d635ec8d058fbdf18f27f711f60f2b012a6a89777dd9638421274e85", "Amount": "1195040257"}
2025-12-04T10:39:10.814+0800	INFO	core/scanner.go:79	✅ 已存入 DB	{"Tx": "0x5482a1a8d635ec8d058fbdf18f27f711f60f2b012a6a89777dd9638421274e85", "Amount": "179256038"}
2025-12-04T10:39:10.821+0800	INFO	core/scanner.go:79	✅ 已存入 DB	{"Tx": "0x5482a1a8d635ec8d058fbdf18f27f711f60f2b012a6a89777dd9638421274e85", "Amount": "418264091"}
2025-12-04T10:39:10.829+0800	INFO	core/scanner.go:79	✅ 已存入 DB	{"Tx": "0x5482a1a8d635ec8d058fbdf18f27f711f60f2b012a6a89777dd9638421274e85", "Amount": "597520130"}
2025-12-04T10:39:10.849+0800	INFO	core/scanner.go:79	✅ 已存入 DB	{"Tx": "0x5482a1a8d635ec8d058fbdf18f27f711f60f2b012a6a89777dd9638421274e85", "Amount": "1196000075"}
2025-12-04T10:39:10.859+0800	INFO	core/scanner.go:79	✅ 已存入 DB	{"Tx": "0xb1f2c534a7029b81c9da2845a1fb3765ebbdde2d3771662609ab2892f0fe5407", "Amount": "3422561000"}
2025-12-04T10:39:10.867+0800	INFO	core/scanner.go:79	✅ 已存入 DB	{"Tx": "0x8f3df7daf8dc7a4542c5ed369b7b2a5ce3ad60bb0e9698a5cdf1c76d1460df44", "Amount": "4300000000"}
2025-12-04T10:39:10.876+0800	INFO	core/scanner.go:79	✅ 已存入 DB	{"Tx": "0x11b8cd1c8b09e9b6371f0bbbec9efd83e2170c8863bba8312d17cce01dc6850c", "Amount": "60000000"}
2025-12-04T10:39:10.887+0800	INFO	core/scanner.go:79	✅ 已存入 DB	{"Tx": "0x425a95cc61993ce60c32d3994b2857d2e347efc440efcd36743463b07541fccd", "Amount": "602240412"}
2025-12-04T10:39:10.897+0800	INFO	core/scanner.go:79	✅ 已存入 DB	{"Tx": "0xed9315ee99277e2b3ac87e20b17fc7c9373d22e35da7db8d86656b503b939a26", "Amount": "929000000"}
2025-12-04T10:39:10.907+0800	INFO	core/scanner.go:79	✅ 已存入 DB	{"Tx": "0xa84884971ff00e713dd6e6ffa7f5bef3028e878d9735e9933dd79600ffdf397c", "Amount": "40000000"}
2025-12-04T10:39:10.915+0800	INFO	core/scanner.go:79	✅ 已存入 DB	{"Tx": "0xa84884971ff00e713dd6e6ffa7f5bef3028e878d9735e9933dd79600ffdf397c", "Amount": "81677"}
2025-12-04T10:39:10.922+0800	INFO	core/scanner.go:79	✅ 已存入 DB	{"Tx": "0x4933998368e881c68a78e26c0a256bba7fc638eb7d228a8fed9c82b5f103c96b", "Amount": "44985500"}
2025-12-04T10:39:10.929+0800	INFO	core/scanner.go:79	✅ 已存入 DB	{"Tx": "0xab69d402186600b5be5e296cf3db52446a1b01a5bf5ff8f636f87d06b8a57302", "Amount": "1004909889"}
2025-12-04T10:39:10.938+0800	INFO	core/scanner.go:79	✅ 已存入 DB	{"Tx": "0x3f2f3caf10d3901083b788e7241199d03bfa25515e08e7ba4429b74e65f84f0b", "Amount": "1000000"}
2025-12-04T10:39:10.948+0800	INFO	core/scanner.go:79	✅ 已存入 DB	{"Tx": "0x8e1835e49f1fd11c6da6a3a31c67a3c3a5337fedf4f054d447a86b55cfb6855c", "Amount": "1258"}
2025-12-04T10:39:10.955+0800	INFO	core/scanner.go:79	✅ 已存入 DB	{"Tx": "0x8e1835e49f1fd11c6da6a3a31c67a3c3a5337fedf4f054d447a86b55cfb6855c", "Amount": "9807"}
2025-12-04T10:39:10.961+0800	INFO	core/scanner.go:79	✅ 已存入 DB	{"Tx": "0x8e1835e49f1fd11c6da6a3a31c67a3c3a5337fedf4f054d447a86b55cfb6855c", "Amount": "2000"}
2025-12-04T10:39:10.970+0800	INFO	core/scanner.go:79	✅ 已存入 DB	{"Tx": "0x8e1835e49f1fd11c6da6a3a31c67a3c3a5337fedf4f054d447a86b55cfb6855c", "Amount": "5100"}
2025-12-04T10:39:10.978+0800	INFO	core/scanner.go:79	✅ 已存入 DB	{"Tx": "0x8e1835e49f1fd11c6da6a3a31c67a3c3a5337fedf4f054d447a86b55cfb6855c", "Amount": "1204"}
2025-12-04T10:39:10.987+0800	INFO	core/scanner.go:79	✅ 已存入 DB	{"Tx": "0x3e81e6c7ff3e241c7caaada7e894eca2615e4442f4754b1bde63c8221ed29342", "Amount": "262699931"}
2025-12-04T10:39:10.996+0800	INFO	core/scanner.go:79	✅ 已存入 DB	{"Tx": "0x93291330ee2126781259bb09b5e4ad01cb3bcd6cc692c7991775b19fe37ebddf", "Amount": "7688120883"}
2025-12-04T10:39:11.003+0800	INFO	core/scanner.go:79	✅ 已存入 DB	{"Tx": "0xff046db94725ef26815fdc0f1eb2310802b43897e79a8f2f6bceba0f08ea8612", "Amount": "10001"}
2025-12-04T10:39:11.014+0800	INFO	core/scanner.go:79	✅ 已存入 DB	{"Tx": "0x92f5620d3eed9afd08eeb90f2e7c35baadb7902534882e82195119c68f7e05d9", "Amount": "2000000000"}
2025-12-04T10:39:11.020+0800	INFO	core/scanner.go:79	✅ 已存入 DB	{"Tx": "0x49588982bbd8cbd0fd74ffc9349bcfdf8b5f18db02e1ca00716554d0fe03083f", "Amount": "5000"}
2025-12-04T10:39:11.027+0800	INFO	core/scanner.go:79	✅ 已存入 DB	{"Tx": "0x49588982bbd8cbd0fd74ffc9349bcfdf8b5f18db02e1ca00716554d0fe03083f", "Amount": "5000"}
2025-12-04T10:39:11.037+0800	INFO	core/scanner.go:79	✅ 已存入 DB	{"Tx": "0x49588982bbd8cbd0fd74ffc9349bcfdf8b5f18db02e1ca00716554d0fe03083f", "Amount": "13091"}
2025-12-04T10:39:11.043+0800	INFO	core/scanner.go:79	✅ 已存入 DB	{"Tx": "0x49588982bbd8cbd0fd74ffc9349bcfdf8b5f18db02e1ca00716554d0fe03083f", "Amount": "29974"}
2025-12-04T10:39:11.058+0800	INFO	core/scanner.go:79	✅ 已存入 DB	{"Tx": "0x49588982bbd8cbd0fd74ffc9349bcfdf8b5f18db02e1ca00716554d0fe03083f", "Amount": "1008"}
2025-12-04T10:39:11.066+0800	INFO	core/scanner.go:79	✅ 已存入 DB	{"Tx": "0x49588982bbd8cbd0fd74ffc9349bcfdf8b5f18db02e1ca00716554d0fe03083f", "Amount": "4342"}
2025-12-04T10:39:11.075+0800	INFO	core/scanner.go:79	✅ 已存入 DB	{"Tx": "0x49588982bbd8cbd0fd74ffc9349bcfdf8b5f18db02e1ca00716554d0fe03083f", "Amount": "39926"}
2025-12-04T10:39:11.080+0800	INFO	core/scanner.go:79	✅ 已存入 DB	{"Tx": "0x49588982bbd8cbd0fd74ffc9349bcfdf8b5f18db02e1ca00716554d0fe03083f", "Amount": "1000"}
2025-12-04T10:39:11.088+0800	INFO	core/scanner.go:79	✅ 已存入 DB	{"Tx": "0x49588982bbd8cbd0fd74ffc9349bcfdf8b5f18db02e1ca00716554d0fe03083f", "Amount": "5000"}
2025-12-04T10:39:11.095+0800	INFO	core/scanner.go:79	✅ 已存入 DB	{"Tx": "0x49588982bbd8cbd0fd74ffc9349bcfdf8b5f18db02e1ca00716554d0fe03083f", "Amount": "1050"}
2025-12-04T10:39:11.106+0800	INFO	core/scanner.go:79	✅ 已存入 DB	{"Tx": "0x22013f88e80da490334e69cf23929cb09b4c294ece99b8e97a3a4593a4500faa", "Amount": "4297500000"}
2025-12-04T10:39:11.114+0800	INFO	core/scanner.go:79	✅ 已存入 DB	{"Tx": "0xe98881746b33c78c49e5f9b929c39a08db83ec20c5208d93320f780862a8eae9", "Amount": "9610000"}
2025-12-04T10:39:11.121+0800	INFO	core/scanner.go:79	✅ 已存入 DB	{"Tx": "0x133f26e366a6a2bf8c2764b1a6ba1ae57e664aafe46ea856ee749e18f1a7b3f2", "Amount": "1000"}
2025-12-04T10:39:11.130+0800	INFO	core/scanner.go:79	✅ 已存入 DB	{"Tx": "0x7e536635c021e2752a3d1db1c197d0dc52f02d923ca42c4fcaf5a63c0de00f6b", "Amount": "2000000000"}
2025-12-04T10:39:11.140+0800	INFO	core/scanner.go:79	✅ 已存入 DB	{"Tx": "0x70c241d2c0f07c5a144387721eb3c7a7f95de3fffbc730c32a48fb90de5d4962", "Amount": "600"}
2025-12-04T10:39:11.149+0800	INFO	core/scanner.go:79	✅ 已存入 DB	{"Tx": "0x420fd65bfbd914bd60592c78a43fdd5cc9878cd86042520f29f3144f245f677b", "Amount": "180"}
2025-12-04T10:39:11.156+0800	INFO	core/scanner.go:79	✅ 已存入 DB	{"Tx": "0x123b5c0eb35ffe44cdd8b9530e82abaf78ec7e3f2001648171817be008e91c84", "Amount": "509"}
2025-12-04T10:39:11.161+0800	INFO	core/scanner.go:79	✅ 已存入 DB	{"Tx": "0x6d12bdf192cba25ace32157a46e892f3cda0fe6f81c1856bbd8b14a5b2657385", "Amount": "313"}
2025-12-04T10:39:11.172+0800	INFO	core/scanner.go:79	✅ 已存入 DB	{"Tx": "0x0491675a5560859cf1da65fa3c4119c1029bdec16d32f5bafef9d4d2e1176c0e", "Amount": "500"}
2025-12-04T10:39:11.178+0800	INFO	core/scanner.go:79	✅ 已存入 DB	{"Tx": "0x75219e1d18c1ed2ce00f8b9dc01c14dc33659e77b1e5920a990913eedf17c3c3", "Amount": "500"}
2025-12-04T10:39:11.193+0800	INFO	core/scanner.go:79	✅ 已存入 DB	{"Tx": "0xbff846b8f17e5f9dd159c353e8d8586e340e8b21c26ef3fc917b9495b618ed40", "Amount": "533"}
2025-12-04T10:39:11.204+0800	INFO	core/scanner.go:79	✅ 已存入 DB	{"Tx": "0xa33ae7b0d2158ef7e76dbf78df1435196240c6f755a1e4530e9fb99daccfe407", "Amount": "864"}
2025-12-04T10:39:11.210+0800	INFO	core/scanner.go:79	✅ 已存入 DB	{"Tx": "0xd8a55b10567a5ae9f3d7b6055d819ef6003831732e435f679a96df2621aade62", "Amount": "550"}
2025-12-04T10:39:11.217+0800	INFO	core/scanner.go:79	✅ 已存入 DB	{"Tx": "0x873b2fa6880d4079d4e83c099e5f0553927e303914558ae102bf61b6aacbebc8", "Amount": "400"}
2025-12-04T10:39:11.222+0800	INFO	core/scanner.go:79	✅ 已存入 DB	{"Tx": "0xf3a28ad1950af8e34be3db8a4b945eda80ad6ee89cf5e988b4c18cac2a5aacc8", "Amount": "515"}
2025-12-04T10:39:11.227+0800	INFO	core/scanner.go:79	✅ 已存入 DB	{"Tx": "0xc780a9f03b0dd3260e2a07bab08626e853dffecd292a04fa94f98adc06157ea7", "Amount": "630"}
2025-12-04T10:39:11.235+0800	INFO	core/scanner.go:79	✅ 已存入 DB	{"Tx": "0x07841ef1b63edb7cb92fb895e2db7d5223bdf0fdd2465f270de4cb46719ec090", "Amount": "829"}
2025-12-04T10:39:11.242+0800	INFO	core/scanner.go:79	✅ 已存入 DB	{"Tx": "0x38525058519d388652fefb2028d0b8a746f4d27a8c7db7190a303b3f7993d282", "Amount": "999"}
2025-12-04T10:39:11.250+0800	INFO	core/scanner.go:79	✅ 已存入 DB	{"Tx": "0xc7a112cf35fdc5ddae13e4e117bf437f0cb957ac6d37cde3938f7cbad91da19e", "Amount": "900"}
2025-12-04T10:39:11.258+0800	INFO	core/scanner.go:79	✅ 已存入 DB	{"Tx": "0xf9de94626fb6cd53339b2ad18ca348b90b5f61922ef21f7c4b16660186e69be0", "Amount": "450"}
2025-12-04T10:39:11.267+0800	INFO	core/scanner.go:79	✅ 已存入 DB	{"Tx": "0x0bac4bb9ea9f504d2ab40d5bda8d1f499c016b33a53731ecada7631eb9e4e961", "Amount": "104"}
2025-12-04T10:39:11.275+0800	INFO	core/scanner.go:79	✅ 已存入 DB	{"Tx": "0x580e43da10f36ae151764ff35009fcfa9b905ffdd1e3f610e69d5689aabf6fe5", "Amount": "200"}
2025-12-04T10:39:11.283+0800	INFO	core/scanner.go:79	✅ 已存入 DB	{"Tx": "0x04fa4d144bb2a36bf261c207fcaaa3320d748128e7d25d634ca3436ed3d4a4e9", "Amount": "100"}
2025-12-04T10:39:11.292+0800	INFO	core/scanner.go:79	✅ 已存入 DB	{"Tx": "0x4a6868a06d6a227692380746721d370973bd44a40e108799dc916ad7b6375be3", "Amount": "100"}
2025-12-04T10:39:11.303+0800	INFO	core/scanner.go:79	✅ 已存入 DB	{"Tx": "0xf069b0a82760cf591f617f7a6908981ebc84125c90a00357e493539a47273b30", "Amount": "100"}
2025-12-04T10:39:11.309+0800	INFO	core/scanner.go:79	✅ 已存入 DB	{"Tx": "0xf03bdf1f62e7cb87d3b4d26fdb4582c26da2f2599172a288d6ccc66f8edc9ceb", "Amount": "100"}
2025-12-04T10:39:11.317+0800	INFO	core/scanner.go:79	✅ 已存入 DB	{"Tx": "0x010eaa2685b1dab883448c25e1ef4e9ccb3cdd296ff01ee7edad379a433703a7", "Amount": "250"}
2025-12-04T10:39:11.326+0800	INFO	core/scanner.go:79	✅ 已存入 DB	{"Tx": "0x93c201c25ceefaf512babfd981e6a08bcc0ecd21f4841761b984927b062a7cca", "Amount": "100"}
2025-12-04T10:39:11.338+0800	INFO	core/scanner.go:79	✅ 已存入 DB	{"Tx": "0x2a07f2792216a0782f6fb63529d17145f88fac1498466815c1cd1b7ae896fd94", "Amount": "200"}
2025-12-04T10:39:11.344+0800	INFO	core/scanner.go:79	✅ 已存入 DB	{"Tx": "0x4c823fa4a669617258e7b4297e256501f15977581be683d23090d282fc03979d", "Amount": "100"}
2025-12-04T10:39:11.352+0800	INFO	core/scanner.go:79	✅ 已存入 DB	{"Tx": "0xb6a98d3d04bac618fb94e6413ad195e7af0dc9bcbda63dd453afc0db4442ce2a", "Amount": "109"}
2025-12-04T10:39:11.359+0800	INFO	core/scanner.go:79	✅ 已存入 DB	{"Tx": "0x8a56c1e92a99476973f281fe3dfc9a89992bf41103c0b9c241749ae9fa5887ff", "Amount": "242"}
2025-12-04T10:39:11.366+0800	INFO	core/scanner.go:79	✅ 已存入 DB	{"Tx": "0x5038cc962121ffdd2862683fc8661741e654ad977a3305f15ba0ce413f8d5dcd", "Amount": "130"}
2025-12-04T10:39:11.374+0800	INFO	core/scanner.go:79	✅ 已存入 DB	{"Tx": "0x79605ec2970a17e2259743caec70020c8c5f65d5f372cd6330646e5d335e126c", "Amount": "100"}
2025-12-04T10:39:11.380+0800	INFO	core/scanner.go:79	✅ 已存入 DB	{"Tx": "0x868131ec2297e5d120ad02616fa2bc3b3a073a32148aa074788abfcb063a186a", "Amount": "100"}
2025-12-04T10:39:11.386+0800	INFO	core/scanner.go:79	✅ 已存入 DB	{"Tx": "0x0b759d6f76280f3718895ba4dc5d44bd5124bc757adf99a307c978173b7ffca9", "Amount": "250"}
2025-12-04T10:39:11.392+0800	INFO	core/scanner.go:79	✅ 已存入 DB	{"Tx": "0x86df5d4240bd8037f3fc0442761995515a92290fcde58bc81421ece38c791fcf", "Amount": "100"}
2025-12-04T10:39:11.400+0800	INFO	core/scanner.go:79	✅ 已存入 DB	{"Tx": "0x5fd8977e260165b9e4832bb64da48267bb831e010a47bab619a3963ec1cff80a", "Amount": "359"}
2025-12-04T10:39:11.407+0800	INFO	core/scanner.go:79	✅ 已存入 DB	{"Tx": "0x515353b6dfa45678e01cdf9b8113f05ea85e3abf0ea2437a2a0264a55c332d23", "Amount": "250"}
2025-12-04T10:39:11.415+0800	INFO	core/scanner.go:79	✅ 已存入 DB	{"Tx": "0x1b346b65d475d1c05090d8e457e1246d714156e8ec08d11fae00c4d1a373ebaa", "Amount": "299999000000"}
2025-12-04T10:39:11.422+0800	INFO	core/scanner.go:79	✅ 已存入 DB	{"Tx": "0x45162af5c9b19e7b795f039c4112f20cef125fd5bbfcbdb90be000af7a33b327", "Amount": "1990000000"}
2025-12-04T10:39:11.444+0800	INFO	core/scanner.go:79	✅ 已存入 DB	{"Tx": "0x5772854401d75fa02d299c2326655756fa5e1c7366f3161bcadf921dbcabc7e0", "Amount": "19240000"}
2025-12-04T10:39:11.452+0800	INFO	core/scanner.go:79	✅ 已存入 DB	{"Tx": "0x8fcc30c114438d5b3d75fbaec3f2eee33d57b00a4feb2ea5135d9253ec369c87", "Amount": "19113100"}
2025-12-04T10:39:11.461+0800	INFO	core/scanner.go:79	✅ 已存入 DB	{"Tx": "0x6483e4a7d1fd65f83a4b3d4d9624a0caac5217dd5a170000cff50433e37446f8", "Amount": "150000000"}
2025-12-04T10:39:11.475+0800	INFO	core/scanner.go:79	✅ 已存入 DB	{"Tx": "0x0c390a2f6518a24d0cda2e79869f4edf262a5905e8b3f3ffd6ce9e410a0c7140", "Amount": "516183"}
2025-12-04T10:39:11.484+0800	INFO	core/scanner.go:79	✅ 已存入 DB	{"Tx": "0xdd2c2de438735c7366a80af7af660eee7c2cb70868a590dcf45f6512c40da373", "Amount": "10000000"}
2025-12-04T10:39:11.494+0800	INFO	core/scanner.go:79	✅ 已存入 DB	{"Tx": "0xdd2c2de438735c7366a80af7af660eee7c2cb70868a590dcf45f6512c40da373", "Amount": "10000000"}
2025-12-04T10:39:11.501+0800	INFO	core/scanner.go:79	✅ 已存入 DB	{"Tx": "0xe1f7255148e1f939ac1f2aa4e2e5e0085dfdc7a8080a4efdf2f2448fe6574065", "Amount": "100000000"}
2025-12-04T10:39:11.511+0800	INFO	core/scanner.go:79	✅ 已存入 DB	{"Tx": "0xe1f7255148e1f939ac1f2aa4e2e5e0085dfdc7a8080a4efdf2f2448fe6574065", "Amount": "100000"}
2025-12-04T10:39:11.518+0800	INFO	core/scanner.go:79	✅ 已存入 DB	{"Tx": "0xe1f7255148e1f939ac1f2aa4e2e5e0085dfdc7a8080a4efdf2f2448fe6574065", "Amount": "99900000"}
2025-12-04T10:39:11.528+0800	INFO	core/scanner.go:79	✅ 已存入 DB	{"Tx": "0x8f48fd41f35ccc9205ec26dbadc4b3da14c708e4553c87faf7217c200f13c177", "Amount": "100000000"}
2025-12-04T10:39:11.535+0800	INFO	core/scanner.go:79	✅ 已存入 DB	{"Tx": "0xcfce8c49c2a40bdd2cd4735b6a4ff383493a11681fa8a847fb6fcf47ae38642e", "Amount": "9182580352"}
2025-12-04T10:39:11.545+0800	INFO	core/scanner.go:79	✅ 已存入 DB	{"Tx": "0xcfce8c49c2a40bdd2cd4735b6a4ff383493a11681fa8a847fb6fcf47ae38642e", "Amount": "9155032610"}
2025-12-04T10:39:11.555+0800	INFO	core/scanner.go:79	✅ 已存入 DB	{"Tx": "0xa1c10ed98a6eb76d4c1879c5eaeba3d6c09082102eeb6f835f172488795cef89", "Amount": "5404726241"}
2025-12-04T10:39:11.566+0800	INFO	core/scanner.go:79	✅ 已存入 DB	{"Tx": "0x9b5f45c3905617a3678804d3586324aaf0f33a19c4afee2176153ba6e7f9e45e", "Amount": "2300000000"}
2025-12-04T10:39:11.574+0800	INFO	core/scanner.go:79	✅ 已存入 DB	{"Tx": "0x925ef6949bc8f2392b5b50532b5f1eff439aa7e0461a674abf9939bee72f1dda", "Amount": "200000000"}
2025-12-04T10:39:11.581+0800	INFO	core/scanner.go:79	✅ 已存入 DB	{"Tx": "0x691537b62b361403a9ebb23793b249320f8324e102cba8c81659b10ebed2e27a", "Amount": "35350000"}
2025-12-04T10:39:11.587+0800	INFO	core/scanner.go:79	✅ 已存入 DB	{"Tx": "0x769e342b35085d8f5fb254e0b9624cf578b786c9dff8a7fb175eec414575bf4f", "Amount": "10617522"}
2025-12-04T10:39:11.594+0800	INFO	core/scanner.go:79	✅ 已存入 DB	{"Tx": "0x88bb488c0691f0429364fc949f6f34bb023e5685eb62f156441a7e28222ec73f", "Amount": "300000000"}
2025-12-04T10:39:11.601+0800	INFO	core/scanner.go:79	✅ 已存入 DB	{"Tx": "0xea79c07f78f72b0b6696301f17501eafe5fe6139d1051b5715770ced37e72d2d", "Amount": "100000000"}
2025-12-04T10:39:11.608+0800	INFO	core/scanner.go:79	✅ 已存入 DB	{"Tx": "0xfe767d405a603baf19484276aa424e7effe9976409a5671bef3412bb77c20247", "Amount": "20000000"}
2025-12-04T10:39:11.620+0800	INFO	core/scanner.go:79	✅ 已存入 DB	{"Tx": "0x59b96ca26e920b14bb178ccd21afe377f7a64462ac56b718e10402199f1e7144", "Amount": "47500000"}
2025-12-04T10:39:11.628+0800	INFO	core/scanner.go:79	✅ 已存入 DB	{"Tx": "0xcddd934420e9290dca599d10607ca6251dc3155a8687cd9b1c4b75eba53acd05", "Amount": "5810000000"}
2025-12-04T10:39:11.635+0800	INFO	core/scanner.go:79	✅ 已存入 DB	{"Tx": "0xda08cd7511ae90e9388fe7cd79271dd1c19466ae52c5d13c7488151ebcc902cd", "Amount": "1000"}
2025-12-04T10:39:11.642+0800	INFO	core/scanner.go:79	✅ 已存入 DB	{"Tx": "0xef0456d831b68f6d474e776a29a80d87f236aa31b3d0c523e3d92a9aa1e77c64", "Amount": "273021242"}
2025-12-04T10:39:11.650+0800	INFO	core/scanner.go:79	✅ 已存入 DB	{"Tx": "0x29d5f6a7f7b77702d1f3f1f526b1591a4563e77494e5a2797168cbe9afa3563b", "Amount": "494172951"}
2025-12-04T10:39:11.660+0800	INFO	core/scanner.go:79	✅ 已存入 DB	{"Tx": "0xb4341e4a0eeb357b3af072627a4c77b0a2ca03c8c256f9d4fc399f1b15d79133", "Amount": "23649143"}
2025-12-04T10:39:11.683+0800	INFO	core/scanner.go:79	✅ 已存入 DB	{"Tx": "0xb4341e4a0eeb357b3af072627a4c77b0a2ca03c8c256f9d4fc399f1b15d79133", "Amount": "23649143"}
2025-12-04T10:39:11.691+0800	INFO	core/scanner.go:79	✅ 已存入 DB	{"Tx": "0xbaf83439310e314dd3ca6b3bf8615211fce9841df366f427c2a663e58039a49f", "Amount": "1500205120"}
2025-12-04T10:39:11.696+0800	INFO	core/scanner.go:79	✅ 已存入 DB	{"Tx": "0xec1f58e082ba25d1c308cc5c16ef5c34e40ad613035a9cfbb588d1cd3bf1cda1", "Amount": "21201217219"}
2025-12-04T10:39:11.702+0800	INFO	core/scanner.go:79	✅ 已存入 DB	{"Tx": "0x8f35267852b6d4671837462409a748efd492ba5d583b07e8b1a192af064da764", "Amount": "3000000000"}
2025-12-04T10:39:11.710+0800	INFO	core/scanner.go:79	✅ 已存入 DB	{"Tx": "0x2de0e358160a9e487f61c8857b71cd08993e6f01b8bedebffc335382a54be8e7", "Amount": "2771320000"}
2025-12-04T10:39:11.723+0800	INFO	core/scanner.go:79	✅ 已存入 DB	{"Tx": "0x276758cd3f7027b609457f23c9b8590c67524c3a0cb27ad01494efac2e9907ce", "Amount": "9000000"}
2025-12-04T10:39:11.734+0800	INFO	core/scanner.go:79	✅ 已存入 DB	{"Tx": "0x043c946e4daec2fec1e168f09a12a658ad9f9c3fc08cd81af5c67e1b5678b060", "Amount": "80153000"}
2025-12-04T10:39:11.742+0800	INFO	core/scanner.go:79	✅ 已存入 DB	{"Tx": "0x5329c51f1f12b6f54e5206adbcc734bd5cb4b3cc111dcfcc48772a3bb2480066", "Amount": "13438428"}
2025-12-04T10:39:11.749+0800	INFO	core/scanner.go:79	✅ 已存入 DB	{"Tx": "0xb7fee70c53071414a6ce73167f0af7fdb4430ca0d03421a1138df7bee6561472", "Amount": "510440000"}
2025-12-04T10:39:11.756+0800	INFO	core/scanner.go:79	✅ 已存入 DB	{"Tx": "0x6c71772099a82a7332d7d9132a300081431349152731525ae877a1ff488a8f0a", "Amount": "175678925"}
2025-12-04T10:39:11.767+0800	INFO	core/scanner.go:79	✅ 已存入 DB	{"Tx": "0x1b75a592c84fb7da052d36b09d8204bb0651f68eb1fa9c9d7353a86d32b472e8", "Amount": "164400000"}
2025-12-04T10:39:11.788+0800	INFO	core/scanner.go:79	✅ 已存入 DB	{"Tx": "0xae1a62163f9a0a7798a6bc550dae9b107766edba0fde2e39b22e168725bfcf07", "Amount": "63000"}
2025-12-04T10:39:11.797+0800	INFO	core/scanner.go:79	✅ 已存入 DB	{"Tx": "0xae1a62163f9a0a7798a6bc550dae9b107766edba0fde2e39b22e168725bfcf07", "Amount": "8937000"}
2025-12-04T10:39:11.804+0800	INFO	core/scanner.go:79	✅ 已存入 DB	{"Tx": "0xae1a62163f9a0a7798a6bc550dae9b107766edba0fde2e39b22e168725bfcf07", "Amount": "8937000"}
2025-12-04T10:39:11.811+0800	INFO	core/scanner.go:79	✅ 已存入 DB	{"Tx": "0x8f293ae6d403a0e9bff49fe1620df98e4b66e6339f5a754714f70d3c5da4a55f", "Amount": "128600000"}
2025-12-04T10:39:11.822+0800	INFO	core/scanner.go:79	✅ 已存入 DB	{"Tx": "0x8f293ae6d403a0e9bff49fe1620df98e4b66e6339f5a754714f70d3c5da4a55f", "Amount": "82134"}
2025-12-04T10:39:11.831+0800	INFO	core/scanner.go:79	✅ 已存入 DB	{"Tx": "0xc9cc7dc8f022421b2fee2a42d6282537cae418772ab90c1a1cf33501ebea7a6a", "Amount": "128227994"}
2025-12-04T10:39:11.838+0800	INFO	core/scanner.go:79	✅ 已存入 DB	{"Tx": "0xc9cc7dc8f022421b2fee2a42d6282537cae418772ab90c1a1cf33501ebea7a6a", "Amount": "1282278"}
2025-12-04T10:39:11.845+0800	INFO	core/scanner.go:79	✅ 已存入 DB	{"Tx": "0xc9cc7dc8f022421b2fee2a42d6282537cae418772ab90c1a1cf33501ebea7a6a", "Amount": "126945715"}
2025-12-04T10:39:11.851+0800	INFO	core/scanner.go:79	✅ 已存入 DB	{"Tx": "0xc9cc7dc8f022421b2fee2a42d6282537cae418772ab90c1a1cf33501ebea7a6a", "Amount": "126945715"}
2025-12-04T10:39:11.860+0800	INFO	core/scanner.go:79	✅ 已存入 DB	{"Tx": "0xc9cc7dc8f022421b2fee2a42d6282537cae418772ab90c1a1cf33501ebea7a6a", "Amount": "126945715"}
2025-12-04T10:39:11.868+0800	INFO	core/scanner.go:79	✅ 已存入 DB	{"Tx": "0xc9cc7dc8f022421b2fee2a42d6282537cae418772ab90c1a1cf33501ebea7a6a", "Amount": "1"}
2025-12-04T10:39:11.878+0800	INFO	core/scanner.go:79	✅ 已存入 DB	{"Tx": "0xab65ea4939f87476c9d46b566f74b585a9052dd3863417b81076e4827b81d224", "Amount": "990688343"}
2025-12-04T10:39:11.885+0800	INFO	core/scanner.go:79	✅ 已存入 DB	{"Tx": "0xab65ea4939f87476c9d46b566f74b585a9052dd3863417b81076e4827b81d224", "Amount": "990688343"}
2025-12-04T10:39:11.896+0800	INFO	core/scanner.go:79	✅ 已存入 DB	{"Tx": "0xab65ea4939f87476c9d46b566f74b585a9052dd3863417b81076e4827b81d224", "Amount": "990688343"}
2025-12-04T10:39:11.908+0800	INFO	core/scanner.go:79	✅ 已存入 DB	{"Tx": "0x36511e21b5c94b5deca75d07e2c0bf8dea129db5b5a0fcf82277789b726e3a84", "Amount": "64000000"}
2025-12-04T10:39:11.922+0800	INFO	core/scanner.go:79	✅ 已存入 DB	{"Tx": "0xdf46dcd9c2e070dd91ac79b36c2ffaae9cd1b7686111e82f128a49dc906314f7", "Amount": "208396706"}
2025-12-04T10:39:11.928+0800	INFO	core/scanner.go:79	✅ 已存入 DB	{"Tx": "0x935977207292ecc69b22e93fafca3588e0946c5343e2cfb464e5a454e8687f4c", "Amount": "993314973"}
2025-12-04T10:39:11.939+0800	INFO	core/scanner.go:79	✅ 已存入 DB	{"Tx": "0x96f0b37553aaf01aae16e6df39ab77cb39f3417e61ad57ba471c2d0ae55024f7", "Amount": "1632038679"}
2025-12-04T10:39:11.946+0800	INFO	core/scanner.go:79	✅ 已存入 DB	{"Tx": "0xcade15dcbb0ebdd842d3896bfd2fafa6050a69d7c25006ff7bbb62d1b2e7c734", "Amount": "125480000"}
2025-12-04T10:39:11.952+0800	INFO	core/scanner.go:79	✅ 已存入 DB	{"Tx": "0x6087bf91cb00bba4ed0a1341419a05ed091b28f16680da5a364b222b95a3b7f8", "Amount": "2006987700"}
2025-12-04T10:39:11.967+0800	INFO	core/scanner.go:79	✅ 已存入 DB	{"Tx": "0x73da448592a0e290caf8d0df0d87385241d8d901ed94b2a7da3ed5085cbf6010", "Amount": "750000000"}
2025-12-04T10:39:11.978+0800	INFO	core/scanner.go:79	✅ 已存入 DB	{"Tx": "0xb73562355c3af1f2c67da859e90d2931381031a124235d2556fd918b942c20f0", "Amount": "10001"}
2025-12-04T10:39:11.990+0800	INFO	core/scanner.go:79	✅ 已存入 DB	{"Tx": "0xb73562355c3af1f2c67da859e90d2931381031a124235d2556fd918b942c20f0", "Amount": "10001"}
2025-12-04T10:39:11.997+0800	INFO	core/scanner.go:79	✅ 已存入 DB	{"Tx": "0x06ab2c32aa223a65ddd155b2b237de84a248c28a74fde9474492ee1667daa5b0", "Amount": "1118917767"}
2025-12-04T10:39:12.002+0800	INFO	core/scanner.go:79	✅ 已存入 DB	{"Tx": "0xa930c17e7443f3b52f4f70613a2da12d874b5123b7cadc1743d3de99f327c655", "Amount": "18336071464"}
2025-12-04T10:39:12.010+0800	INFO	core/scanner.go:79	✅ 已存入 DB	{"Tx": "0xa930c17e7443f3b52f4f70613a2da12d874b5123b7cadc1743d3de99f327c655", "Amount": "18336071464"}
2025-12-04T10:39:12.018+0800	INFO	core/scanner.go:79	✅ 已存入 DB	{"Tx": "0x5b457f486add7c2e932ff64e5731ef7756d4b4d558650e82c732828138015461", "Amount": "4457742259"}
2025-12-04T10:39:12.026+0800	INFO	core/scanner.go:79	✅ 已存入 DB	{"Tx": "0x15b2f314cbe1ba4ebe698e16e32a9a91ade1de2b2a263a59fa8e69a5b72a5af6", "Amount": "1907"}
2025-12-04T10:39:12.039+0800	INFO	core/scanner.go:79	✅ 已存入 DB	{"Tx": "0x74e847f75b4ac1a827f5cd462baea013bc3a22587ca16321877f1a0db0642756", "Amount": "2800000000"}
2025-12-04T10:39:12.052+0800	INFO	core/scanner.go:79	✅ 已存入 DB	{"Tx": "0x74e847f75b4ac1a827f5cd462baea013bc3a22587ca16321877f1a0db0642756", "Amount": "1442753039"}
2025-12-04T10:39:12.067+0800	INFO	core/scanner.go:79	✅ 已存入 DB	{"Tx": "0x74e847f75b4ac1a827f5cd462baea013bc3a22587ca16321877f1a0db0642756", "Amount": "429288646"}
2025-12-04T10:39:12.080+0800	INFO	core/scanner.go:79	✅ 已存入 DB	{"Tx": "0x74e847f75b4ac1a827f5cd462baea013bc3a22587ca16321877f1a0db0642756", "Amount": "927489411"}
2025-12-04T10:39:12.092+0800	INFO	core/scanner.go:79	✅ 已存入 DB	{"Tx": "0x080f2f110a87b63e8f4284a3c9ded0859d607fe580c549595935e3c12b8f5ce3", "Amount": "149462523"}
2025-12-04T10:39:12.106+0800	INFO	core/scanner.go:79	✅ 已存入 DB	{"Tx": "0xb20c263ba9202b04bed22d5c05bef565604fa5430f840431afa5c04b8a0f0fb0", "Amount": "2020000000"}
2025-12-04T10:39:12.122+0800	INFO	core/scanner.go:79	✅ 已存入 DB	{"Tx": "0xd13817551202606217595bb3cb2b44a6e80f7b737b61041ca1497034f87ca00b", "Amount": "37000000"}
2025-12-04T10:39:12.140+0800	INFO	core/scanner.go:79	✅ 已存入 DB	{"Tx": "0xd13817551202606217595bb3cb2b44a6e80f7b737b61041ca1497034f87ca00b", "Amount": "37000000"}
2025-12-04T10:39:12.159+0800	INFO	core/scanner.go:79	✅ 已存入 DB	{"Tx": "0xd13817551202606217595bb3cb2b44a6e80f7b737b61041ca1497034f87ca00b", "Amount": "37000000"}
2025-12-04T10:39:12.175+0800	INFO	core/scanner.go:79	✅ 已存入 DB	{"Tx": "0x96bd878835f6eec1f637606871cfd2c57d8f480a203a238db4a80bfa6f4ce7a2", "Amount": "2654770195"}
2025-12-04T10:39:12.196+0800	INFO	core/scanner.go:79	✅ 已存入 DB	{"Tx": "0x96bd878835f6eec1f637606871cfd2c57d8f480a203a238db4a80bfa6f4ce7a2", "Amount": "2654770195"}
2025-12-04T10:39:12.209+0800	INFO	core/scanner.go:79	✅ 已存入 DB	{"Tx": "0x163a69d8d64a0b9c4b723ebc3a0be88d92bc3341be544cc142adc8ef95772cec", "Amount": "417365550"}
2025-12-04T10:39:12.225+0800	INFO	core/scanner.go:79	✅ 已存入 DB	{"Tx": "0xec93ad85e87a72f767162b20d442698f6cf0677b0fce2fb7dab7b9f26fb19fe1", "Amount": "20000000000"}
2025-12-04T10:39:12.239+0800	INFO	core/scanner.go:79	✅ 已存入 DB	{"Tx": "0x40878a7284653e83e9a3c44f806abbcfef41b2e89f2bb072ffedac01628693ef", "Amount": "11506216"}
2025-12-04T10:39:12.276+0800	INFO	core/scanner.go:79	✅ 已存入 DB	{"Tx": "0x081da6ed538bd4fdf5ebb66f0a42a7df5215b84258a884435ffa6a82ee9a9c7c", "Amount": "13000000"}
2025-12-04T10:39:12.305+0800	INFO	core/scanner.go:79	✅ 已存入 DB	{"Tx": "0x3f4bd5d9c19231f7704485250fdfeb3c1b57e0f03d22228ee3f679b19c82d731", "Amount": "33355910"}
2025-12-04T10:39:12.317+0800	INFO	core/scanner.go:79	✅ 已存入 DB	{"Tx": "0x01e0db767dd84484e6c21d0174210ba3551983da1a2697733bf70708e992a156", "Amount": "305120000"}
2025-12-04T10:39:12.331+0800	INFO	core/scanner.go:79	✅ 已存入 DB	{"Tx": "0x7c21a4d9468a1b023e4410110e812991c1c472bf5251385efeae37ed3ea945d0", "Amount": "16200000"}
2025-12-04T10:39:12.343+0800	INFO	core/scanner.go:79	✅ 已存入 DB	{"Tx": "0x87e2140e5d4d89edf001d6283903e608c513074148a57b12ec9f96dabdde5c41", "Amount": "50620000"}
2025-12-04T10:39:12.361+0800	INFO	core/scanner.go:79	✅ 已存入 DB	{"Tx": "0xd8ebedfb84a51b81add1e5fc2f6b6c24b497cf224d418953ae51056ddcf610f0", "Amount": "968321245"}
2025-12-04T10:39:12.388+0800	INFO	core/scanner.go:79	✅ 已存入 DB	{"Tx": "0xd8ebedfb84a51b81add1e5fc2f6b6c24b497cf224d418953ae51056ddcf610f0", "Amount": "2696191530"}
2025-12-04T10:39:12.400+0800	INFO	core/scanner.go:79	✅ 已存入 DB	{"Tx": "0xd8ebedfb84a51b81add1e5fc2f6b6c24b497cf224d418953ae51056ddcf610f0", "Amount": "547290668"}
2025-12-04T10:39:12.417+0800	INFO	core/scanner.go:79	✅ 已存入 DB	{"Tx": "0xd8ebedfb84a51b81add1e5fc2f6b6c24b497cf224d418953ae51056ddcf610f0", "Amount": "4211803443"}
2025-12-04T10:39:12.431+0800	INFO	core/scanner.go:79	✅ 已存入 DB	{"Tx": "0x6adab86edddeafa94389cc2d387438c167d06f035d1e766e14ed459027dc4387", "Amount": "1900000000"}
2025-12-04T10:39:12.442+0800	INFO	core/scanner.go:79	✅ 已存入 DB	{"Tx": "0xe60977d9fd0a9a6c79f4ddcaa82a4ff373aa097ec8c90dcbef69b7ba7d3d5a24", "Amount": "5385770000"}
2025-12-04T10:39:12.458+0800	INFO	core/scanner.go:79	✅ 已存入 DB	{"Tx": "0x33b41f8a86b4ee9b424f6ce382fb49701e3a777aed47928e4a567f9b9a05e587", "Amount": "4232000000"}
2025-12-04T10:39:12.471+0800	INFO	core/scanner.go:79	✅ 已存入 DB	{"Tx": "0x492858f8fa66a30ff35d4ef3604759e6d990fd18697ad7cbaac63d28e9fe6a8a", "Amount": "52000000"}
2025-12-04T10:39:12.489+0800	INFO	core/scanner.go:79	✅ 已存入 DB	{"Tx": "0xd9f4c71cad96c339fbac395277b272595c8aab5098e1a7763e40fcffbcab1761", "Amount": "50000000"}
2025-12-04T10:39:12.509+0800	INFO	core/scanner.go:79	✅ 已存入 DB	{"Tx": "0x884a959fc66b04d1dcaac52d8dc92c5ef18eff64053ad065a28038f5103b28d5", "Amount": "1499516170"}
2025-12-04T10:39:12.524+0800	INFO	core/scanner.go:79	✅ 已存入 DB	{"Tx": "0xf10af3785fa107f83e631e016be7c72017a004f8695a41ef1f532b28ca8e3ca4", "Amount": "20000000000"}
2025-12-04T10:39:12.537+0800	INFO	core/scanner.go:79	✅ 已存入 DB	{"Tx": "0x48cb9687af56739805e6cfe9f6807f0f80bc81acd2c1ee11db553abbcf503e69", "Amount": "804803500"}
2025-12-04T10:39:12.553+0800	INFO	core/scanner.go:79	✅ 已存入 DB	{"Tx": "0xedd7bed01d48b21a78b049b0b7943d07b089b2641662f6cb5363733592f3eddc", "Amount": "83065200"}
2025-12-04T10:39:12.567+0800	INFO	core/scanner.go:79	✅ 已存入 DB	{"Tx": "0x6694f0926867251b72978d96b60ce579081d3d19ab6c4b813fb3db281cc053c5", "Amount": "3591"}
2025-12-04T10:39:12.580+0800	INFO	core/scanner.go:79	✅ 已存入 DB	{"Tx": "0xfdb19d515642c110deba9d0fe16ba6cc306b8c9d83db052fee1d6cd0d3ef261b", "Amount": "1000"}
2025-12-04T10:39:12.595+0800	INFO	core/scanner.go:79	✅ 已存入 DB	{"Tx": "0x3175795edc050400745b040af7d616cfc90d93af3e20d6542afff25d813d0e27", "Amount": "10000"}
2025-12-04T10:39:12.618+0800	INFO	core/scanner.go:79	✅ 已存入 DB	{"Tx": "0xb132667658cb1661ed8ab747a510f90e492bb6c992d8c40e2b6519e3e83dfbee", "Amount": "71765"}
2025-12-04T10:39:12.641+0800	INFO	core/scanner.go:79	✅ 已存入 DB	{"Tx": "0x33df987396634563c29c95901f2847b8544961b75d67c3795355d7aa1d1a6d4c", "Amount": "13513"}
2025-12-04T10:39:12.657+0800	INFO	core/scanner.go:79	✅ 已存入 DB	{"Tx": "0x7b61bdd278a23172a7953f8ea7bee8a2435768eb1bd039615b91aaed4483eba5", "Amount": "49559"}
2025-12-04T10:39:12.675+0800	INFO	core/scanner.go:79	✅ 已存入 DB	{"Tx": "0x127898b1b2984c92be63b59c6cd742d02d2bbe20cddbbab76a834245926d1f86", "Amount": "39944"}
2025-12-04T10:39:12.691+0800	INFO	core/scanner.go:79	✅ 已存入 DB	{"Tx": "0x4c759876d3a348876637aca79637ca748411f6d60921947a301ef2269cd301dc", "Amount": "300000000"}
2025-12-04T10:39:12.703+0800	INFO	core/scanner.go:79	✅ 已存入 DB	{"Tx": "0xe5b2d00cf193e498130cd056393b86e3d54ae4811851083f9bab98a7f645f928", "Amount": "190000000"}
2025-12-04T10:39:12.719+0800	INFO	core/scanner.go:79	✅ 已存入 DB	{"Tx": "0xf2ec2b5b106746dac48158c51df01de9e9025e5cf570c041afa6e75c349d3aa1", "Amount": "20040000"}
2025-12-04T10:39:12.729+0800	INFO	core/scanner.go:79	✅ 已存入 DB	{"Tx": "0x0a2f66c5f2776ea539fbc75df4139f34b01be73ed14ec178d7c81ec7e7909aea", "Amount": "1000"}
2025-12-04T10:39:12.746+0800	INFO	core/scanner.go:79	✅ 已存入 DB	{"Tx": "0x6d2702ab0ab13fb44d257ee18eb329bf52f3cf006f0488336e00f45c91f2be89", "Amount": "777480000"}
2025-12-04T10:39:12.763+0800	INFO	core/scanner.go:79	✅ 已存入 DB	{"Tx": "0x0361e6d7c6a24f3610f0f83ada91c2c719204d3ce79d9fa89329498938a4508d", "Amount": "69454400"}
2025-12-04T10:39:12.775+0800	INFO	core/scanner.go:79	✅ 已存入 DB	{"Tx": "0x223d5e467ac54fed30c56d543b8ec139446c90f488cbe0c6f57d3cc2978f9b7c", "Amount": "1000"}
2025-12-04T10:39:12.788+0800	INFO	core/scanner.go:79	✅ 已存入 DB	{"Tx": "0x05243d2fb936ac13c6903606bc7930ab6b4b4e3c968a204620ba656c1f8a1b1f", "Amount": "1000"}
2025-12-04T10:39:12.800+0800	INFO	core/scanner.go:79	✅ 已存入 DB	{"Tx": "0x91a68019092837ffc143264ca04835ccebfc5220d94acf9ad6b9c24b3eb9621b", "Amount": "1000"}
2025-12-04T10:39:12.819+0800	INFO	core/scanner.go:79	✅ 已存入 DB	{"Tx": "0xcfa31a001700dea13c54cd929bd2e0a4f2ad3f71551b79846c1ea6ef862779fa", "Amount": "1000"}
2025-12-04T10:39:12.831+0800	INFO	core/scanner.go:79	✅ 已存入 DB	{"Tx": "0x4ad017e96e5fe30da134d1d903f377486e7fbb26729031141a9d9e174f4e47e9", "Amount": "2300000000"}
2025-12-04T10:39:12.842+0800	INFO	core/scanner.go:79	✅ 已存入 DB	{"Tx": "0xe3d2e1651c6cf4fc3957226f2b1f6b44dd5612fdb7ab7bfe5f6c8765ad5098f5", "Amount": "30000000"}
2025-12-04T10:39:12.857+0800	INFO	core/scanner.go:79	✅ 已存入 DB	{"Tx": "0xbca9f8646d84776a5244099c2550c362e96ba18ec1f33e404ada5efaade05d1f", "Amount": "99973180"}
2025-12-04T10:39:12.869+0800	INFO	core/scanner.go:79	✅ 已存入 DB	{"Tx": "0xf88995f0e3cddf846cee9633e6cf4f34b7677e13a0bf480ade150d039e5d74af", "Amount": "99300000"}
2025-12-04T10:39:12.885+0800	INFO	core/scanner.go:79	✅ 已存入 DB	{"Tx": "0x90bf2a858d2e809f17c778064ec9364d10e9dd2f50b0bbb42c2046b60ab718ae", "Amount": "116821090"}
2025-12-04T10:39:12.898+0800	INFO	core/scanner.go:79	✅ 已存入 DB	{"Tx": "0x158977ee31d2be3806a6207a9116c5195dff473e3c05e316d2c1c099a4399185", "Amount": "500000000"}
2025-12-04T10:39:12.911+0800	INFO	core/scanner.go:79	✅ 已存入 DB	{"Tx": "0xb1d162a3a8d991b9220951a5c8f43eabd6fc6e64533587741b1e64a43d83743c", "Amount": "300000000"}
2025-12-04T10:39:12.924+0800	INFO	core/scanner.go:79	✅ 已存入 DB	{"Tx": "0x960002a492b798f6de54e4d71f174a80cb426dfab95cc8e8d4bfe88d6e4e78e6", "Amount": "114202680"}
2025-12-04T10:39:12.938+0800	INFO	core/scanner.go:79	✅ 已存入 DB	{"Tx": "0x9ad09fb76408bba908e103918dd2ecc6c44102fb010d8d883d344ec32d893905", "Amount": "15000000000"}
2025-12-04T10:39:12.952+0800	INFO	core/scanner.go:79	✅ 已存入 DB	{"Tx": "0x9ad09fb76408bba908e103918dd2ecc6c44102fb010d8d883d344ec32d893905", "Amount": "15000000000"}
2025-12-04T10:39:12.967+0800	INFO	core/scanner.go:79	✅ 已存入 DB	{"Tx": "0x0f9346d99993f5cf08e4d9e1a434af421c79aba5b1b358fa30b67b6987b18d58", "Amount": "11159584319"}
2025-12-04T10:39:12.981+0800	INFO	core/scanner.go:79	✅ 已存入 DB	{"Tx": "0x0f9346d99993f5cf08e4d9e1a434af421c79aba5b1b358fa30b67b6987b18d58", "Amount": "7648812469"}
2025-12-04T10:39:12.996+0800	INFO	core/scanner.go:79	✅ 已存入 DB	{"Tx": "0x0f9346d99993f5cf08e4d9e1a434af421c79aba5b1b358fa30b67b6987b18d58", "Amount": "4507119921"}
2025-12-04T10:39:13.010+0800	INFO	core/scanner.go:79	✅ 已存入 DB	{"Tx": "0x0f9346d99993f5cf08e4d9e1a434af421c79aba5b1b358fa30b67b6987b18d58", "Amount": "4507119921"}
2025-12-04T10:39:13.025+0800	INFO	core/scanner.go:79	✅ 已存入 DB	{"Tx": "0x0f9346d99993f5cf08e4d9e1a434af421c79aba5b1b358fa30b67b6987b18d58", "Amount": "1791632149"}
2025-12-04T10:39:13.039+0800	INFO	core/scanner.go:79	✅ 已存入 DB	{"Tx": "0xc648bfb341284ab2cad43d0eb9b0cc7b1bf09658b3703465c81c5f748854af64", "Amount": "1479000000"}
2025-12-04T10:39:13.052+0800	INFO	core/scanner.go:79	✅ 已存入 DB	{"Tx": "0xbcd45179c4926e8b2eca8156fd80437c38500de7a29806c8447c83bd5900100b", "Amount": "70520000"}
2025-12-04T10:39:13.068+0800	INFO	core/scanner.go:79	✅ 已存入 DB	{"Tx": "0x27f545edab0978a1dd00547c3ffdbb1c6082531e6b7119031a4e8ed69dbfa691", "Amount": "3450000000"}
2025-12-04T10:39:13.080+0800	INFO	core/scanner.go:79	✅ 已存入 DB	{"Tx": "0x4f09f494d7af45619bb9eb66652b6e76023c7c5bfa45b595861ac25824553698", "Amount": "2224744425"}
2025-12-04T10:39:13.094+0800	INFO	core/scanner.go:79	✅ 已存入 DB	{"Tx": "0x15549f5be04e773733bc9b058a7fae4f329b19e440c9367b9c92336bcf92e6d5", "Amount": "82975522"}
2025-12-04T10:39:13.107+0800	INFO	core/scanner.go:79	✅ 已存入 DB	{"Tx": "0x9c342ebba8a7d26ac24427b6e10150349984f476c3f2a3302ddeda88cc1a1fa2", "Amount": "479470000"}
2025-12-04T10:39:13.120+0800	INFO	core/scanner.go:79	✅ 已存入 DB	{"Tx": "0xa49460e87c86fc5b1c4170d47eebcfaa9153652f0c5e3301c7a881db136bfd30", "Amount": "724014"}
2025-12-04T10:39:13.131+0800	INFO	core/scanner.go:79	✅ 已存入 DB	{"Tx": "0xa49460e87c86fc5b1c4170d47eebcfaa9153652f0c5e3301c7a881db136bfd30", "Amount": "724014"}
2025-12-04T10:39:13.149+0800	INFO	core/scanner.go:79	✅ 已存入 DB	{"Tx": "0xd474aab17537c9e143ee5e179eefe1c7ddd59611a14cfe2646d9951c2c6037d6", "Amount": "10943389"}
2025-12-04T10:39:13.164+0800	INFO	core/scanner.go:79	✅ 已存入 DB	{"Tx": "0xd474aab17537c9e143ee5e179eefe1c7ddd59611a14cfe2646d9951c2c6037d6", "Amount": "10943389"}
2025-12-04T10:39:13.176+0800	INFO	core/scanner.go:79	✅ 已存入 DB	{"Tx": "0x9753474604e61ac1f0533ae6e087d38ce8c8f355115962f21d4eaf98766cb2f5", "Amount": "5000000"}
2025-12-04T10:39:13.199+0800	INFO	core/scanner.go:79	✅ 已存入 DB	{"Tx": "0xb06affcd3e1b8bb8cab604e9b52ecf7e5bdfc58a5491e9fa4545ab7b6413a4db", "Amount": "146996280"}
2025-12-04T10:39:13.233+0800	INFO	core/scanner.go:79	✅ 已存入 DB	{"Tx": "0xb06affcd3e1b8bb8cab604e9b52ecf7e5bdfc58a5491e9fa4545ab7b6413a4db", "Amount": "367490"}
2025-12-04T10:39:13.245+0800	INFO	core/scanner.go:79	✅ 已存入 DB	{"Tx": "0xb06affcd3e1b8bb8cab604e9b52ecf7e5bdfc58a5491e9fa4545ab7b6413a4db", "Amount": "146628790"}
2025-12-04T10:39:13.260+0800	INFO	core/scanner.go:79	✅ 已存入 DB	{"Tx": "0xe1c3088b114b362ca338453f44a183c1e380a8766e4ef44aca1b64753497d55f", "Amount": "4730000000"}
2025-12-04T10:39:13.274+0800	INFO	core/scanner.go:79	✅ 已存入 DB	{"Tx": "0xc85ef497aaca7b038781db4aa77a5037c593ee412153751118e608fbbd00e8f5", "Amount": "30000000"}
2025-12-04T10:39:13.286+0800	INFO	core/scanner.go:79	✅ 已存入 DB	{"Tx": "0x2da9899cb36f7e8d22cfac4db3139bd461be53f2cfbc87d444e86f3f4374d904", "Amount": "198000000"}
2025-12-04T10:39:13.313+0800	INFO	core/scanner.go:79	✅ 已存入 DB	{"Tx": "0x3a2a1776310a671d73ad638ce999b9ea665270ceae30f93a1afbf281f3f833b1", "Amount": "322000000"}
2025-12-04T10:39:13.335+0800	INFO	core/scanner.go:79	✅ 已存入 DB	{"Tx": "0x2ebd9f334c656f5113dc5964746124797f2a56687d9857a80c083c0308654417", "Amount": "1400000000"}
2025-12-04T10:39:13.348+0800	INFO	core/scanner.go:79	✅ 已存入 DB	{"Tx": "0xc7e444a590a277af0195e33da179af59873fe41410f1e5befa5b15d04ddf7b85", "Amount": "3596000000"}
2025-12-04T10:39:13.360+0800	INFO	core/scanner.go:79	✅ 已存入 DB	{"Tx": "0x70b3b39fc8e899399d9401b267cf4c84fe07fb21074cea6c5f65dc208eecc1de", "Amount": "52092990"}
2025-12-04T10:39:13.372+0800	INFO	core/scanner.go:79	✅ 已存入 DB	{"Tx": "0x915316bc67c5d8a119fa637a18a19e5badd135029c6c914b7a59993a1a9a5a72", "Amount": "200000000"}
2025-12-04T10:39:13.384+0800	INFO	core/scanner.go:79	✅ 已存入 DB	{"Tx": "0x20e0ebc2b47add9d1583f1d06db05a32aed2d515164a584ecad679bd9a23b37e", "Amount": "19370025"}
2025-12-04T10:39:13.398+0800	INFO	core/scanner.go:79	✅ 已存入 DB	{"Tx": "0x20e0ebc2b47add9d1583f1d06db05a32aed2d515164a584ecad679bd9a23b37e", "Amount": "19370"}
2025-12-04T10:39:13.410+0800	INFO	core/scanner.go:79	✅ 已存入 DB	{"Tx": "0x20e0ebc2b47add9d1583f1d06db05a32aed2d515164a584ecad679bd9a23b37e", "Amount": "19350655"}
2025-12-04T10:39:13.425+0800	INFO	core/scanner.go:79	✅ 已存入 DB	{"Tx": "0x1eb36250d3d169a8876a0ce84429fc9b109461ca9dcc306ae4c97bbb80fef1b1", "Amount": "3152852"}
2025-12-04T10:39:13.439+0800	INFO	core/scanner.go:79	✅ 已存入 DB	{"Tx": "0x1eb36250d3d169a8876a0ce84429fc9b109461ca9dcc306ae4c97bbb80fef1b1", "Amount": "3154517"}
2025-12-04T10:39:13.456+0800	INFO	core/scanner.go:79	✅ 已存入 DB	{"Tx": "0x7ba2d86c1dc5e82042e5b0f31c385f8edd812baba9da5688b78ffd1b70dac6f8", "Amount": "2000"}
2025-12-04T10:39:13.467+0800	INFO	core/scanner.go:79	✅ 已存入 DB	{"Tx": "0x7ba2d86c1dc5e82042e5b0f31c385f8edd812baba9da5688b78ffd1b70dac6f8", "Amount": "2900"}
2025-12-04T10:39:13.481+0800	INFO	core/scanner.go:79	✅ 已存入 DB	{"Tx": "0x7ba2d86c1dc5e82042e5b0f31c385f8edd812baba9da5688b78ffd1b70dac6f8", "Amount": "7310"}
2025-12-04T10:39:13.493+0800	INFO	core/scanner.go:79	✅ 已存入 DB	{"Tx": "0x7ba2d86c1dc5e82042e5b0f31c385f8edd812baba9da5688b78ffd1b70dac6f8", "Amount": "2000"}
2025-12-04T10:39:13.507+0800	INFO	core/scanner.go:79	✅ 已存入 DB	{"Tx": "0x124ec8c4d52aea8b397213509f3295e9fed4a7f688666dae74917a704c14c402", "Amount": "1115514396"}
2025-12-04T10:39:13.522+0800	INFO	core/scanner.go:79	✅ 已存入 DB	{"Tx": "0x780fc25b0f2ac54fc2d695411c704b51eed8bc465c379dc24a3784934e4aa981", "Amount": "15086563"}
2025-12-04T10:39:13.536+0800	INFO	core/scanner.go:79	✅ 已存入 DB	{"Tx": "0xc835f8797d7948912fa61e7de61adddc200260b0930105ee89fa59322c295d56", "Amount": "18000000"}
2025-12-04T10:39:13.549+0800	INFO	core/scanner.go:79	✅ 已存入 DB	{"Tx": "0x0c0b66035ce428a7b71daa6898499da55c97252eb69a44984758e40f0e49a368", "Amount": "15367000000"}
2025-12-04T10:39:13.566+0800	INFO	core/scanner.go:79	✅ 已存入 DB	{"Tx": "0xb23c6700d0c855ebc5e8aee76445f34eed089c1df9eb16353d2bbc66828baf1b", "Amount": "13881450"}
2025-12-04T10:39:13.579+0800	INFO	core/scanner.go:79	✅ 已存入 DB	{"Tx": "0x01ffef295587aff3f24b1c73f54332a5ce8f76a3b8c864371eb30400c26bad61", "Amount": "37990000"}
2025-12-04T10:39:13.594+0800	INFO	core/scanner.go:79	✅ 已存入 DB	{"Tx": "0x78c63c92cdf094525b7ca77d1a6d3cd6965ff982e6d785dd32e898f36811b038", "Amount": "0"}
2025-12-04T10:39:13.606+0800	INFO	core/scanner.go:79	✅ 已存入 DB	{"Tx": "0x78c63c92cdf094525b7ca77d1a6d3cd6965ff982e6d785dd32e898f36811b038", "Amount": "0"}
2025-12-04T10:39:13.620+0800	INFO	core/scanner.go:79	✅ 已存入 DB	{"Tx": "0x78c63c92cdf094525b7ca77d1a6d3cd6965ff982e6d785dd32e898f36811b038", "Amount": "0"}
2025-12-04T10:39:13.633+0800	INFO	core/scanner.go:79	✅ 已存入 DB	{"Tx": "0x78c63c92cdf094525b7ca77d1a6d3cd6965ff982e6d785dd32e898f36811b038", "Amount": "0"}
2025-12-04T10:39:13.648+0800	INFO	core/scanner.go:79	✅ 已存入 DB	{"Tx": "0x78c63c92cdf094525b7ca77d1a6d3cd6965ff982e6d785dd32e898f36811b038", "Amount": "0"}
2025-12-04T10:39:13.663+0800	INFO	core/scanner.go:79	✅ 已存入 DB	{"Tx": "0x78c63c92cdf094525b7ca77d1a6d3cd6965ff982e6d785dd32e898f36811b038", "Amount": "0"}
2025-12-04T10:39:13.697+0800	INFO	core/scanner.go:79	✅ 已存入 DB	{"Tx": "0x78c63c92cdf094525b7ca77d1a6d3cd6965ff982e6d785dd32e898f36811b038", "Amount": "0"}
2025-12-04T10:39:13.712+0800	INFO	core/scanner.go:79	✅ 已存入 DB	{"Tx": "0x78c63c92cdf094525b7ca77d1a6d3cd6965ff982e6d785dd32e898f36811b038", "Amount": "0"}
2025-12-04T10:39:13.729+0800	INFO	core/scanner.go:79	✅ 已存入 DB	{"Tx": "0x78c63c92cdf094525b7ca77d1a6d3cd6965ff982e6d785dd32e898f36811b038", "Amount": "0"}
2025-12-04T10:39:13.741+0800	INFO	core/scanner.go:79	✅ 已存入 DB	{"Tx": "0x78c63c92cdf094525b7ca77d1a6d3cd6965ff982e6d785dd32e898f36811b038", "Amount": "0"}
2025-12-04T10:39:13.754+0800	INFO	core/scanner.go:79	✅ 已存入 DB	{"Tx": "0x78c63c92cdf094525b7ca77d1a6d3cd6965ff982e6d785dd32e898f36811b038", "Amount": "0"}
2025-12-04T10:39:13.766+0800	INFO	core/scanner.go:79	✅ 已存入 DB	{"Tx": "0x78c63c92cdf094525b7ca77d1a6d3cd6965ff982e6d785dd32e898f36811b038", "Amount": "0"}
2025-12-04T10:39:13.778+0800	INFO	core/scanner.go:79	✅ 已存入 DB	{"Tx": "0x78c63c92cdf094525b7ca77d1a6d3cd6965ff982e6d785dd32e898f36811b038", "Amount": "0"}
2025-12-04T10:39:13.790+0800	INFO	core/scanner.go:79	✅ 已存入 DB	{"Tx": "0x78c63c92cdf094525b7ca77d1a6d3cd6965ff982e6d785dd32e898f36811b038", "Amount": "0"}
2025-12-04T10:39:13.805+0800	INFO	core/scanner.go:79	✅ 已存入 DB	{"Tx": "0x78c63c92cdf094525b7ca77d1a6d3cd6965ff982e6d785dd32e898f36811b038", "Amount": "0"}
2025-12-04T10:39:13.820+0800	INFO	core/scanner.go:79	✅ 已存入 DB	{"Tx": "0x78c63c92cdf094525b7ca77d1a6d3cd6965ff982e6d785dd32e898f36811b038", "Amount": "0"}
2025-12-04T10:39:13.835+0800	INFO	core/scanner.go:79	✅ 已存入 DB	{"Tx": "0x08127fd731ecc07e51eeb39f80cb964f6a9f463f47aebe139e0a51f27e638746", "Amount": "2680000000"}
2025-12-04T10:39:13.851+0800	INFO	core/scanner.go:79	✅ 已存入 DB	{"Tx": "0xd24a9154a0ccad9507b6306e1057476950d63c67dd276b7800e82d29576c4f64", "Amount": "10000"}
2025-12-04T10:39:13.871+0800	INFO	core/scanner.go:79	✅ 已存入 DB	{"Tx": "0xb1533813fe2594ccad4a0ad65896f2e60040985c579e77ef0f35001e96cae401", "Amount": "10000"}
2025-12-04T10:39:13.885+0800	INFO	core/scanner.go:79	✅ 已存入 DB	{"Tx": "0xdc0b7a28cebc89e5e1b07269b2a2359f159ba15447fd854e90daab7de0da3dc6", "Amount": "32987145"}
2025-12-04T10:39:13.900+0800	INFO	core/scanner.go:79	✅ 已存入 DB	{"Tx": "0xd66c89101c172c4090157465851c5646fa3166d7571bdb8e415a27e770e020ee", "Amount": "1000000000000"}
2025-12-04T10:39:13.916+0800	INFO	core/scanner.go:79	✅ 已存入 DB	{"Tx": "0x2dba4e574516363319e631774754d38218ce85f671361705d7d26b51de7eddc9", "Amount": "1000"}
2025-12-04T10:39:13.929+0800	INFO	core/scanner.go:79	✅ 已存入 DB	{"Tx": "0x11bc08ec315605605d5902506acb4c2eb20ca8fa7ed943daa8020cad908ce1b5", "Amount": "2848554255428"}
